<?xml version="1.0" encoding="utf-8" standalone="yes"?>
<coverage line-rate="0.82161753590325015" branch-rate="0.62352941176470589" complexity="597" version="1.9" timestamp="1744459807" lines-covered="2174" lines-valid="2646" branches-covered="106" branches-valid="170">
  <packages>
    <package line-rate="0.99766491535318158" branch-rate="0.6" complexity="158" name="offers.Application.Tests">
      <classes>
        <class line-rate="1" branch-rate="1" complexity="8" name="offers.Application.Tests.AccountServiceTests" filename="C:\Users\misho\Desktop\Project\offers.itacademy.ge\offers.Application.Tests\AccountServiceTests.cs">
          <methods>
            <method line-rate="1" branch-rate="1" complexity="1" name=".ctor" signature="()">
              <lines>
                <line number="38" hits="1" branch="False" />
                <line number="39" hits="1" branch="False" />
                <line number="40" hits="1" branch="False" />
                <line number="41" hits="1" branch="False" />
                <line number="43" hits="1" branch="False" />
                <line number="44" hits="1" branch="False" />
                <line number="45" hits="1" branch="False" />
                <line number="46" hits="1" branch="False" />
                <line number="48" hits="1" branch="False" />
                <line number="49" hits="1" branch="False" />
                <line number="50" hits="1" branch="False" />
                <line number="51" hits="1" branch="False" />
                <line number="52" hits="1" branch="False" />
                <line number="53" hits="1" branch="False" />
                <line number="54" hits="1" branch="False" />
                <line number="55" hits="1" branch="False" />
                <line number="57" hits="1" branch="False" />
                <line number="58" hits="1" branch="False" />
              </lines>
            </method>
            <method line-rate="1" branch-rate="1" complexity="1" name="&lt;LoginAccount_WhenEmailDoesNotExist_ShouldThrowAccountNotFoundException&gt;b__8_1" signature="()">
              <lines>
                <line number="132" hits="1" branch="False" />
              </lines>
            </method>
            <method line-rate="1" branch-rate="1" complexity="1" name="&lt;LoginMVCAccount_WhenEmailDoesNotExist_ShouldThrowAccountNotFoundException&gt;b__11_1" signature="()">
              <lines>
                <line number="210" hits="1" branch="False" />
              </lines>
            </method>
            <method line-rate="1" branch-rate="1" complexity="1" name="&lt;ConfirmCompanyAccount_WhenIdIsNotCompany_ShouldThrowAccountNotFoundException&gt;b__15_1" signature="()">
              <lines>
                <line number="313" hits="1" branch="False" />
              </lines>
            </method>
            <method line-rate="1" branch-rate="1" complexity="1" name="&lt;ConfirmCompanyAccount_WhenCompanyIsAlreadyActive_ShouldThrowCompanyAlreadyActiveException&gt;b__16_1" signature="()">
              <lines>
                <line number="339" hits="1" branch="False" />
              </lines>
            </method>
            <method line-rate="1" branch-rate="1" complexity="1" name="&lt;ChangePictureAccount_WhenIdDoesNotExist_ShouldThrowCompanyNotFoundException&gt;b__33_1" signature="()">
              <lines>
                <line number="737" hits="1" branch="False" />
              </lines>
            </method>
            <method line-rate="1" branch-rate="1" complexity="1" name="&lt;ChangePictureAccount_WhenIdIsNotCompany_ShouldThrowCompanyNotFoundException&gt;b__34_1" signature="()">
              <lines>
                <line number="760" hits="1" branch="False" />
              </lines>
            </method>
            <method line-rate="1" branch-rate="1" complexity="1" name="&lt;ChangePictureAccount_WhenPhotoUrlIsEmpty_ShouldThrowFileCouldNotBeAddedException&gt;b__35_1" signature="()">
              <lines>
                <line number="785" hits="1" branch="False" />
              </lines>
            </method>
          </methods>
          <lines>
            <line number="38" hits="1" branch="False" />
            <line number="39" hits="1" branch="False" />
            <line number="40" hits="1" branch="False" />
            <line number="41" hits="1" branch="False" />
            <line number="43" hits="1" branch="False" />
            <line number="44" hits="1" branch="False" />
            <line number="45" hits="1" branch="False" />
            <line number="46" hits="1" branch="False" />
            <line number="48" hits="1" branch="False" />
            <line number="49" hits="1" branch="False" />
            <line number="50" hits="1" branch="False" />
            <line number="51" hits="1" branch="False" />
            <line number="52" hits="1" branch="False" />
            <line number="53" hits="1" branch="False" />
            <line number="54" hits="1" branch="False" />
            <line number="55" hits="1" branch="False" />
            <line number="57" hits="1" branch="False" />
            <line number="58" hits="1" branch="False" />
            <line number="132" hits="1" branch="False" />
            <line number="210" hits="1" branch="False" />
            <line number="313" hits="1" branch="False" />
            <line number="339" hits="1" branch="False" />
            <line number="737" hits="1" branch="False" />
            <line number="760" hits="1" branch="False" />
            <line number="785" hits="1" branch="False" />
          </lines>
        </class>
        <class line-rate="1" branch-rate="1" complexity="1" name="offers.Application.Tests.CategoryServiceTests" filename="C:\Users\misho\Desktop\Project\offers.itacademy.ge\offers.Application.Tests\CategoryServiceTests.cs">
          <methods>
            <method line-rate="1" branch-rate="1" complexity="1" name=".ctor" signature="()">
              <lines>
                <line number="28" hits="1" branch="False" />
                <line number="29" hits="1" branch="False" />
                <line number="30" hits="1" branch="False" />
                <line number="31" hits="1" branch="False" />
                <line number="32" hits="1" branch="False" />
                <line number="33" hits="1" branch="False" />
              </lines>
            </method>
          </methods>
          <lines>
            <line number="28" hits="1" branch="False" />
            <line number="29" hits="1" branch="False" />
            <line number="30" hits="1" branch="False" />
            <line number="31" hits="1" branch="False" />
            <line number="32" hits="1" branch="False" />
            <line number="33" hits="1" branch="False" />
          </lines>
        </class>
        <class line-rate="1" branch-rate="1" complexity="8" name="offers.Application.Tests.OfferServiceTests" filename="C:\Users\misho\Desktop\Project\offers.itacademy.ge\offers.Application.Tests\OfferServiceTests.cs">
          <methods>
            <method line-rate="1" branch-rate="1" complexity="1" name=".ctor" signature="()">
              <lines>
                <line number="38" hits="1" branch="False" />
                <line number="39" hits="1" branch="False" />
                <line number="40" hits="1" branch="False" />
                <line number="41" hits="1" branch="False" />
                <line number="42" hits="1" branch="False" />
                <line number="43" hits="1" branch="False" />
                <line number="44" hits="1" branch="False" />
                <line number="45" hits="1" branch="False" />
                <line number="46" hits="1" branch="False" />
              </lines>
            </method>
            <method line-rate="1" branch-rate="1" complexity="1" name="&lt;GetMyOffer_WhenOfferIdDoesNotExist_ShouldThrowOfferNotFoundException&gt;b__15_2" signature="()">
              <lines>
                <line number="351" hits="1" branch="False" />
              </lines>
            </method>
            <method line-rate="1" branch-rate="1" complexity="1" name="&lt;GetMyOffer_WhenOfferDoesNotBelongToCompany_ShouldThrowOfferAccessDeniedException&gt;b__16_2" signature="()">
              <lines>
                <line number="391" hits="1" branch="False" />
              </lines>
            </method>
            <method line-rate="1" branch-rate="1" complexity="1" name="&lt;DeleteOffer_WhenIdDoesNotExist_ShouldThrowOfferNotFoundException&gt;b__25_2" signature="()">
              <lines>
                <line number="660" hits="1" branch="False" />
              </lines>
            </method>
            <method line-rate="1" branch-rate="1" complexity="1" name="&lt;DeleteOffer_WhenOfferIsNotYours_ShouldThrowOfferAccessDeniedException&gt;b__26_2" signature="()">
              <lines>
                <line number="701" hits="1" branch="False" />
              </lines>
            </method>
            <method line-rate="1" branch-rate="1" complexity="1" name="&lt;DeleteOffer_WhenTenMinutesPassed_ShouldThrowOfferCouldNotBeDeletedException&gt;b__27_2" signature="()">
              <lines>
                <line number="742" hits="1" branch="False" />
              </lines>
            </method>
            <method line-rate="1" branch-rate="1" complexity="1" name="&lt;DeleteOffer_WhenEverythingPasses_ShouldDelete&gt;b__28_3" signature="()">
              <lines>
                <line number="787" hits="1" branch="False" />
              </lines>
            </method>
            <method line-rate="1" branch-rate="1" complexity="1" name="&lt;DecreaseStockOffer_WhenRequestAmountIsMoreThanStock_ShouldThrowOfferCouldNotDecreaseStockException&gt;b__32_1" signature="()">
              <lines>
                <line number="915" hits="1" branch="False" />
              </lines>
            </method>
          </methods>
          <lines>
            <line number="38" hits="1" branch="False" />
            <line number="39" hits="1" branch="False" />
            <line number="40" hits="1" branch="False" />
            <line number="41" hits="1" branch="False" />
            <line number="42" hits="1" branch="False" />
            <line number="43" hits="1" branch="False" />
            <line number="44" hits="1" branch="False" />
            <line number="45" hits="1" branch="False" />
            <line number="46" hits="1" branch="False" />
            <line number="351" hits="1" branch="False" />
            <line number="391" hits="1" branch="False" />
            <line number="660" hits="1" branch="False" />
            <line number="701" hits="1" branch="False" />
            <line number="742" hits="1" branch="False" />
            <line number="787" hits="1" branch="False" />
            <line number="915" hits="1" branch="False" />
          </lines>
        </class>
        <class line-rate="1" branch-rate="1" complexity="5" name="offers.Application.Tests.TransactionServiceTests" filename="C:\Users\misho\Desktop\Project\offers.itacademy.ge\offers.Application.Tests\TransactionServiceTests.cs">
          <methods>
            <method line-rate="1" branch-rate="1" complexity="1" name=".ctor" signature="()">
              <lines>
                <line number="37" hits="1" branch="False" />
                <line number="38" hits="1" branch="False" />
                <line number="39" hits="1" branch="False" />
                <line number="40" hits="1" branch="False" />
                <line number="41" hits="1" branch="False" />
                <line number="43" hits="1" branch="False" />
                <line number="44" hits="1" branch="False" />
                <line number="46" hits="1" branch="False" />
                <line number="49" hits="1" branch="False" />
                <line number="50" hits="1" branch="False" />
              </lines>
            </method>
            <method line-rate="1" branch-rate="1" complexity="1" name="&lt;RefundTransaction_IdDoesNotExist_ShouldThrowTransactionNotFoundException&gt;b__16_1" signature="()">
              <lines>
                <line number="336" hits="1" branch="False" />
              </lines>
            </method>
            <method line-rate="1" branch-rate="1" complexity="1" name="&lt;RefundTransaction_WhenInvalidAccountId_ShouldThrowTransactionAccessDeniedException&gt;b__17_1" signature="()">
              <lines>
                <line number="356" hits="1" branch="False" />
              </lines>
            </method>
            <method line-rate="1" branch-rate="1" complexity="1" name="&lt;RefundTransaction_When5minutesPasses_ShouldThrowTransactionCouldNotBeRefundedException&gt;b__18_1" signature="()">
              <lines>
                <line number="376" hits="1" branch="False" />
              </lines>
            </method>
            <method line-rate="1" branch-rate="1" complexity="1" name="&lt;RefundTransaction_WhenValidationSuccesful_ShouldRefundTransaction&gt;b__19_1" signature="()">
              <lines>
                <line number="397" hits="1" branch="False" />
              </lines>
            </method>
          </methods>
          <lines>
            <line number="37" hits="1" branch="False" />
            <line number="38" hits="1" branch="False" />
            <line number="39" hits="1" branch="False" />
            <line number="40" hits="1" branch="False" />
            <line number="41" hits="1" branch="False" />
            <line number="43" hits="1" branch="False" />
            <line number="44" hits="1" branch="False" />
            <line number="46" hits="1" branch="False" />
            <line number="49" hits="1" branch="False" />
            <line number="50" hits="1" branch="False" />
            <line number="336" hits="1" branch="False" />
            <line number="356" hits="1" branch="False" />
            <line number="376" hits="1" branch="False" />
            <line number="397" hits="1" branch="False" />
          </lines>
        </class>
        <class line-rate="1" branch-rate="1" complexity="1" name="offers.Application.Tests.AccountServiceTests.&lt;&gt;c__DisplayClass10_0" filename="C:\Users\misho\Desktop\Project\offers.itacademy.ge\offers.Application.Tests\AccountServiceTests.cs">
          <methods>
            <method line-rate="1" branch-rate="1" complexity="1" name="&lt;LoginMVCAccount_WhenPasswordIncorrect_ShouldThrowAccountNotFoundException&gt;b__1" signature="()">
              <lines>
                <line number="196" hits="1" branch="False" />
              </lines>
            </method>
          </methods>
          <lines>
            <line number="196" hits="1" branch="False" />
          </lines>
        </class>
        <class line-rate="1" branch-rate="1" complexity="1" name="offers.Application.Tests.AccountServiceTests.&lt;&gt;c__DisplayClass12_0" filename="C:\Users\misho\Desktop\Project\offers.itacademy.ge\offers.Application.Tests\AccountServiceTests.cs">
          <methods>
            <method line-rate="1" branch-rate="1" complexity="1" name="&lt;RegisterAccount_WhenEmailExists_ShouldThrowAccountAlreadyExistsException&gt;b__1" signature="()">
              <lines>
                <line number="239" hits="1" branch="False" />
              </lines>
            </method>
          </methods>
          <lines>
            <line number="239" hits="1" branch="False" />
          </lines>
        </class>
        <class line-rate="1" branch-rate="1" complexity="1" name="offers.Application.Tests.AccountServiceTests.&lt;&gt;c__DisplayClass14_0" filename="C:\Users\misho\Desktop\Project\offers.itacademy.ge\offers.Application.Tests\AccountServiceTests.cs">
          <methods>
            <method line-rate="1" branch-rate="1" complexity="1" name="&lt;ConfirmCompanyAccount_WhenIdDoesNotExist_ShouldThrowAccountNotFoundException&gt;b__1" signature="()">
              <lines>
                <line number="287" hits="1" branch="False" />
              </lines>
            </method>
          </methods>
          <lines>
            <line number="287" hits="1" branch="False" />
          </lines>
        </class>
        <class line-rate="1" branch-rate="1" complexity="1" name="offers.Application.Tests.AccountServiceTests.&lt;&gt;c__DisplayClass17_0" filename="C:\Users\misho\Desktop\Project\offers.itacademy.ge\offers.Application.Tests\AccountServiceTests.cs">
          <methods>
            <method line-rate="1" branch-rate="1" complexity="1" name="&lt;ConfirmCompanyAccount_WhenIdIsCompany_ShouldConfirmAccount&gt;b__1" signature="()">
              <lines>
                <line number="368" hits="1" branch="False" />
              </lines>
            </method>
          </methods>
          <lines>
            <line number="368" hits="1" branch="False" />
          </lines>
        </class>
        <class line-rate="1" branch-rate="1" complexity="1" name="offers.Application.Tests.AccountServiceTests.&lt;&gt;c__DisplayClass18_0" filename="C:\Users\misho\Desktop\Project\offers.itacademy.ge\offers.Application.Tests\AccountServiceTests.cs">
          <methods>
            <method line-rate="1" branch-rate="1" complexity="1" name="&lt;DepositAccount_WhenAmountIsLessThanZero_ShouldThrowInvalidOperationException&gt;b__0" signature="()">
              <lines>
                <line number="383" hits="1" branch="False" />
              </lines>
            </method>
          </methods>
          <lines>
            <line number="383" hits="1" branch="False" />
          </lines>
        </class>
        <class line-rate="1" branch-rate="1" complexity="1" name="offers.Application.Tests.AccountServiceTests.&lt;&gt;c__DisplayClass19_0" filename="C:\Users\misho\Desktop\Project\offers.itacademy.ge\offers.Application.Tests\AccountServiceTests.cs">
          <methods>
            <method line-rate="1" branch-rate="1" complexity="1" name="&lt;DepositAccount_WhenAccountIdDoesNotExist_ShouldThrowUserNotFoundException&gt;b__1" signature="()">
              <lines>
                <line number="399" hits="1" branch="False" />
              </lines>
            </method>
          </methods>
          <lines>
            <line number="399" hits="1" branch="False" />
          </lines>
        </class>
        <class line-rate="1" branch-rate="1" complexity="1" name="offers.Application.Tests.AccountServiceTests.&lt;&gt;c__DisplayClass20_0" filename="C:\Users\misho\Desktop\Project\offers.itacademy.ge\offers.Application.Tests\AccountServiceTests.cs">
          <methods>
            <method line-rate="1" branch-rate="1" complexity="1" name="&lt;DepositAccount_WhenAccountIdIsNotUser_ShouldThrowUserNotFoundException&gt;b__1" signature="()">
              <lines>
                <line number="428" hits="1" branch="False" />
              </lines>
            </method>
          </methods>
          <lines>
            <line number="428" hits="1" branch="False" />
          </lines>
        </class>
        <class line-rate="1" branch-rate="1" complexity="1" name="offers.Application.Tests.AccountServiceTests.&lt;&gt;c__DisplayClass22_0" filename="C:\Users\misho\Desktop\Project\offers.itacademy.ge\offers.Application.Tests\AccountServiceTests.cs">
          <methods>
            <method line-rate="1" branch-rate="1" complexity="1" name="&lt;WithdrawAccount_WhenAmountIsLessThanZero_ShouldThrowInvalidOperationException&gt;b__0" signature="()">
              <lines>
                <line number="480" hits="1" branch="False" />
              </lines>
            </method>
          </methods>
          <lines>
            <line number="480" hits="1" branch="False" />
          </lines>
        </class>
        <class line-rate="1" branch-rate="1" complexity="1" name="offers.Application.Tests.AccountServiceTests.&lt;&gt;c__DisplayClass23_0" filename="C:\Users\misho\Desktop\Project\offers.itacademy.ge\offers.Application.Tests\AccountServiceTests.cs">
          <methods>
            <method line-rate="1" branch-rate="1" complexity="1" name="&lt;WithdrawAccount_WhenAccountIdDoesNotExist_ShouldThrowUserNotFoundException&gt;b__1" signature="()">
              <lines>
                <line number="496" hits="1" branch="False" />
              </lines>
            </method>
          </methods>
          <lines>
            <line number="496" hits="1" branch="False" />
          </lines>
        </class>
        <class line-rate="1" branch-rate="1" complexity="1" name="offers.Application.Tests.AccountServiceTests.&lt;&gt;c__DisplayClass24_0" filename="C:\Users\misho\Desktop\Project\offers.itacademy.ge\offers.Application.Tests\AccountServiceTests.cs">
          <methods>
            <method line-rate="1" branch-rate="1" complexity="1" name="&lt;WithdrawAccount_WhenAccountIdIsNotUser_ShouldThrowUserNotFoundException&gt;b__1" signature="()">
              <lines>
                <line number="526" hits="1" branch="False" />
              </lines>
            </method>
          </methods>
          <lines>
            <line number="526" hits="1" branch="False" />
          </lines>
        </class>
        <class line-rate="1" branch-rate="1" complexity="1" name="offers.Application.Tests.AccountServiceTests.&lt;&gt;c__DisplayClass25_0" filename="C:\Users\misho\Desktop\Project\offers.itacademy.ge\offers.Application.Tests\AccountServiceTests.cs">
          <methods>
            <method line-rate="1" branch-rate="1" complexity="1" name="&lt;WithdrawAccount_WhenUserBalanceIsLessThanAmount_ShouldThrowInsufficientFundsException&gt;b__1" signature="()">
              <lines>
                <line number="556" hits="1" branch="False" />
              </lines>
            </method>
          </methods>
          <lines>
            <line number="556" hits="1" branch="False" />
          </lines>
        </class>
        <class line-rate="1" branch-rate="1" complexity="1" name="offers.Application.Tests.AccountServiceTests.&lt;&gt;c__DisplayClass27_0" filename="C:\Users\misho\Desktop\Project\offers.itacademy.ge\offers.Application.Tests\AccountServiceTests.cs">
          <methods>
            <method line-rate="1" branch-rate="1" complexity="1" name="&lt;GetUserAccount_WhenIdDoesNotExist_ShouldThrowUserNotFoundException&gt;b__1" signature="()">
              <lines>
                <line number="612" hits="1" branch="False" />
              </lines>
            </method>
          </methods>
          <lines>
            <line number="612" hits="1" branch="False" />
          </lines>
        </class>
        <class line-rate="1" branch-rate="1" complexity="1" name="offers.Application.Tests.AccountServiceTests.&lt;&gt;c__DisplayClass28_0" filename="C:\Users\misho\Desktop\Project\offers.itacademy.ge\offers.Application.Tests\AccountServiceTests.cs">
          <methods>
            <method line-rate="1" branch-rate="1" complexity="1" name="&lt;GetUserAccount_WhenIdIsNotUser_ShouldThrowUserNotFoundException&gt;b__1" signature="()">
              <lines>
                <line number="628" hits="1" branch="False" />
              </lines>
            </method>
          </methods>
          <lines>
            <line number="628" hits="1" branch="False" />
          </lines>
        </class>
        <class line-rate="1" branch-rate="1" complexity="1" name="offers.Application.Tests.AccountServiceTests.&lt;&gt;c__DisplayClass30_0" filename="C:\Users\misho\Desktop\Project\offers.itacademy.ge\offers.Application.Tests\AccountServiceTests.cs">
          <methods>
            <method line-rate="1" branch-rate="1" complexity="1" name="&lt;GetCompanyAccount_WhenIdDoesNotExist_ShouldThrowCompanyNotFoundException&gt;b__1" signature="()">
              <lines>
                <line number="677" hits="1" branch="False" />
              </lines>
            </method>
          </methods>
          <lines>
            <line number="677" hits="1" branch="False" />
          </lines>
        </class>
        <class line-rate="1" branch-rate="1" complexity="1" name="offers.Application.Tests.AccountServiceTests.&lt;&gt;c__DisplayClass31_0" filename="C:\Users\misho\Desktop\Project\offers.itacademy.ge\offers.Application.Tests\AccountServiceTests.cs">
          <methods>
            <method line-rate="1" branch-rate="1" complexity="1" name="&lt;GetCompanyAccount_WhenIdIsNotCompany_ShouldThrowCompanyNotFoundException&gt;b__1" signature="()">
              <lines>
                <line number="693" hits="1" branch="False" />
              </lines>
            </method>
          </methods>
          <lines>
            <line number="693" hits="1" branch="False" />
          </lines>
        </class>
        <class line-rate="1" branch-rate="1" complexity="1" name="offers.Application.Tests.AccountServiceTests.&lt;&gt;c__DisplayClass7_0" filename="C:\Users\misho\Desktop\Project\offers.itacademy.ge\offers.Application.Tests\AccountServiceTests.cs">
          <methods>
            <method line-rate="1" branch-rate="1" complexity="1" name="&lt;LoginAccount_WhenPasswordIncorrect_ShouldThrowAccountNotFoundException&gt;b__1" signature="()">
              <lines>
                <line number="118" hits="1" branch="False" />
              </lines>
            </method>
          </methods>
          <lines>
            <line number="118" hits="1" branch="False" />
          </lines>
        </class>
        <class line-rate="1" branch-rate="1" complexity="1" name="offers.Application.Tests.AccountServiceTests.&lt;ChangePictureAccount_WhenIdDoesNotExist_ShouldThrowCompanyNotFoundException&gt;d__33" filename="C:\Users\misho\Desktop\Project\offers.itacademy.ge\offers.Application.Tests\AccountServiceTests.cs">
          <methods>
            <method line-rate="1" branch-rate="1" complexity="1" name="MoveNext" signature="()">
              <lines>
                <line number="732" hits="1" branch="False" />
                <line number="733" hits="1" branch="False" />
                <line number="734" hits="1" branch="False" />
                <line number="735" hits="1" branch="False" />
                <line number="737" hits="1" branch="False" />
                <line number="739" hits="1" branch="False" />
                <line number="740" hits="1" branch="False" />
                <line number="742" hits="1" branch="False" />
              </lines>
            </method>
          </methods>
          <lines>
            <line number="732" hits="1" branch="False" />
            <line number="733" hits="1" branch="False" />
            <line number="734" hits="1" branch="False" />
            <line number="735" hits="1" branch="False" />
            <line number="737" hits="1" branch="False" />
            <line number="739" hits="1" branch="False" />
            <line number="740" hits="1" branch="False" />
            <line number="742" hits="1" branch="False" />
          </lines>
        </class>
        <class line-rate="1" branch-rate="1" complexity="1" name="offers.Application.Tests.AccountServiceTests.&lt;ChangePictureAccount_WhenIdIsNotCompany_ShouldThrowCompanyNotFoundException&gt;d__34" filename="C:\Users\misho\Desktop\Project\offers.itacademy.ge\offers.Application.Tests\AccountServiceTests.cs">
          <methods>
            <method line-rate="1" branch-rate="1" complexity="1" name="MoveNext" signature="()">
              <lines>
                <line number="746" hits="1" branch="False" />
                <line number="747" hits="1" branch="False" />
                <line number="748" hits="1" branch="False" />
                <line number="749" hits="1" branch="False" />
                <line number="750" hits="1" branch="False" />
                <line number="751" hits="1" branch="False" />
                <line number="752" hits="1" branch="False" />
                <line number="753" hits="1" branch="False" />
                <line number="754" hits="1" branch="False" />
                <line number="755" hits="1" branch="False" />
                <line number="756" hits="1" branch="False" />
                <line number="757" hits="1" branch="False" />
                <line number="758" hits="1" branch="False" />
                <line number="760" hits="1" branch="False" />
                <line number="762" hits="1" branch="False" />
                <line number="763" hits="1" branch="False" />
                <line number="764" hits="1" branch="False" />
              </lines>
            </method>
          </methods>
          <lines>
            <line number="746" hits="1" branch="False" />
            <line number="747" hits="1" branch="False" />
            <line number="748" hits="1" branch="False" />
            <line number="749" hits="1" branch="False" />
            <line number="750" hits="1" branch="False" />
            <line number="751" hits="1" branch="False" />
            <line number="752" hits="1" branch="False" />
            <line number="753" hits="1" branch="False" />
            <line number="754" hits="1" branch="False" />
            <line number="755" hits="1" branch="False" />
            <line number="756" hits="1" branch="False" />
            <line number="757" hits="1" branch="False" />
            <line number="758" hits="1" branch="False" />
            <line number="760" hits="1" branch="False" />
            <line number="762" hits="1" branch="False" />
            <line number="763" hits="1" branch="False" />
            <line number="764" hits="1" branch="False" />
          </lines>
        </class>
        <class line-rate="1" branch-rate="1" complexity="1" name="offers.Application.Tests.AccountServiceTests.&lt;ChangePictureAccount_WhenPhotoUrlIsEmpty_ShouldThrowFileCouldNotBeAddedException&gt;d__35" filename="C:\Users\misho\Desktop\Project\offers.itacademy.ge\offers.Application.Tests\AccountServiceTests.cs">
          <methods>
            <method line-rate="1" branch-rate="1" complexity="1" name="MoveNext" signature="()">
              <lines>
                <line number="768" hits="1" branch="False" />
                <line number="769" hits="1" branch="False" />
                <line number="770" hits="1" branch="False" />
                <line number="771" hits="1" branch="False" />
                <line number="772" hits="1" branch="False" />
                <line number="773" hits="1" branch="False" />
                <line number="774" hits="1" branch="False" />
                <line number="775" hits="1" branch="False" />
                <line number="776" hits="1" branch="False" />
                <line number="777" hits="1" branch="False" />
                <line number="778" hits="1" branch="False" />
                <line number="779" hits="1" branch="False" />
                <line number="780" hits="1" branch="False" />
                <line number="781" hits="1" branch="False" />
                <line number="782" hits="1" branch="False" />
                <line number="783" hits="1" branch="False" />
                <line number="785" hits="1" branch="False" />
                <line number="787" hits="1" branch="False" />
                <line number="788" hits="1" branch="False" />
                <line number="789" hits="1" branch="False" />
              </lines>
            </method>
          </methods>
          <lines>
            <line number="768" hits="1" branch="False" />
            <line number="769" hits="1" branch="False" />
            <line number="770" hits="1" branch="False" />
            <line number="771" hits="1" branch="False" />
            <line number="772" hits="1" branch="False" />
            <line number="773" hits="1" branch="False" />
            <line number="774" hits="1" branch="False" />
            <line number="775" hits="1" branch="False" />
            <line number="776" hits="1" branch="False" />
            <line number="777" hits="1" branch="False" />
            <line number="778" hits="1" branch="False" />
            <line number="779" hits="1" branch="False" />
            <line number="780" hits="1" branch="False" />
            <line number="781" hits="1" branch="False" />
            <line number="782" hits="1" branch="False" />
            <line number="783" hits="1" branch="False" />
            <line number="785" hits="1" branch="False" />
            <line number="787" hits="1" branch="False" />
            <line number="788" hits="1" branch="False" />
            <line number="789" hits="1" branch="False" />
          </lines>
        </class>
        <class line-rate="1" branch-rate="0.5" complexity="2" name="offers.Application.Tests.AccountServiceTests.&lt;ChangePictureAccount_WhenValidationsAreSuccesful_ShouldChangeThePicture&gt;d__36" filename="C:\Users\misho\Desktop\Project\offers.itacademy.ge\offers.Application.Tests\AccountServiceTests.cs">
          <methods>
            <method line-rate="1" branch-rate="0.5" complexity="2" name="MoveNext" signature="()">
              <lines>
                <line number="793" hits="1" branch="False" />
                <line number="794" hits="1" branch="False" />
                <line number="795" hits="1" branch="False" />
                <line number="796" hits="1" branch="False" />
                <line number="797" hits="1" branch="False" />
                <line number="798" hits="1" branch="False" />
                <line number="799" hits="1" branch="False" />
                <line number="800" hits="1" branch="False" />
                <line number="801" hits="1" branch="False" />
                <line number="802" hits="1" branch="False" />
                <line number="803" hits="1" branch="False" />
                <line number="804" hits="1" branch="False" />
                <line number="805" hits="1" branch="False" />
                <line number="806" hits="1" branch="False" />
                <line number="807" hits="1" branch="False" />
                <line number="808" hits="1" branch="False" />
                <line number="810" hits="1" branch="False" />
                <line number="813" hits="1" branch="False" />
                <line number="814" hits="1" branch="False" />
                <line number="815" hits="1" branch="True" condition-coverage="50% (1/2)">
                  <conditions>
                    <condition number="0" type="jump" coverage="50%" />
                  </conditions>
                </line>
                <line number="816" hits="1" branch="False" />
                <line number="817" hits="1" branch="False" />
              </lines>
            </method>
          </methods>
          <lines>
            <line number="793" hits="1" branch="False" />
            <line number="794" hits="1" branch="False" />
            <line number="795" hits="1" branch="False" />
            <line number="796" hits="1" branch="False" />
            <line number="797" hits="1" branch="False" />
            <line number="798" hits="1" branch="False" />
            <line number="799" hits="1" branch="False" />
            <line number="800" hits="1" branch="False" />
            <line number="801" hits="1" branch="False" />
            <line number="802" hits="1" branch="False" />
            <line number="803" hits="1" branch="False" />
            <line number="804" hits="1" branch="False" />
            <line number="805" hits="1" branch="False" />
            <line number="806" hits="1" branch="False" />
            <line number="807" hits="1" branch="False" />
            <line number="808" hits="1" branch="False" />
            <line number="810" hits="1" branch="False" />
            <line number="813" hits="1" branch="False" />
            <line number="814" hits="1" branch="False" />
            <line number="815" hits="1" branch="True" condition-coverage="50% (1/2)">
              <conditions>
                <condition number="0" type="jump" coverage="50%" />
              </conditions>
            </line>
            <line number="816" hits="1" branch="False" />
            <line number="817" hits="1" branch="False" />
          </lines>
        </class>
        <class line-rate="1" branch-rate="1" complexity="1" name="offers.Application.Tests.AccountServiceTests.&lt;ConfirmCompanyAccount_WhenCompanyIsAlreadyActive_ShouldThrowCompanyAlreadyActiveException&gt;d__16" filename="C:\Users\misho\Desktop\Project\offers.itacademy.ge\offers.Application.Tests\AccountServiceTests.cs">
          <methods>
            <method line-rate="1" branch-rate="1" complexity="1" name="MoveNext" signature="()">
              <lines>
                <line number="321" hits="1" branch="False" />
                <line number="322" hits="1" branch="False" />
                <line number="323" hits="1" branch="False" />
                <line number="324" hits="1" branch="False" />
                <line number="325" hits="1" branch="False" />
                <line number="326" hits="1" branch="False" />
                <line number="327" hits="1" branch="False" />
                <line number="328" hits="1" branch="False" />
                <line number="329" hits="1" branch="False" />
                <line number="330" hits="1" branch="False" />
                <line number="331" hits="1" branch="False" />
                <line number="332" hits="1" branch="False" />
                <line number="333" hits="1" branch="False" />
                <line number="334" hits="1" branch="False" />
                <line number="335" hits="1" branch="False" />
                <line number="336" hits="1" branch="False" />
                <line number="337" hits="1" branch="False" />
                <line number="339" hits="1" branch="False" />
                <line number="341" hits="1" branch="False" />
                <line number="342" hits="1" branch="False" />
                <line number="343" hits="1" branch="False" />
              </lines>
            </method>
          </methods>
          <lines>
            <line number="321" hits="1" branch="False" />
            <line number="322" hits="1" branch="False" />
            <line number="323" hits="1" branch="False" />
            <line number="324" hits="1" branch="False" />
            <line number="325" hits="1" branch="False" />
            <line number="326" hits="1" branch="False" />
            <line number="327" hits="1" branch="False" />
            <line number="328" hits="1" branch="False" />
            <line number="329" hits="1" branch="False" />
            <line number="330" hits="1" branch="False" />
            <line number="331" hits="1" branch="False" />
            <line number="332" hits="1" branch="False" />
            <line number="333" hits="1" branch="False" />
            <line number="334" hits="1" branch="False" />
            <line number="335" hits="1" branch="False" />
            <line number="336" hits="1" branch="False" />
            <line number="337" hits="1" branch="False" />
            <line number="339" hits="1" branch="False" />
            <line number="341" hits="1" branch="False" />
            <line number="342" hits="1" branch="False" />
            <line number="343" hits="1" branch="False" />
          </lines>
        </class>
        <class line-rate="1" branch-rate="1" complexity="1" name="offers.Application.Tests.AccountServiceTests.&lt;ConfirmCompanyAccount_WhenIdDoesNotExist_ShouldThrowAccountNotFoundException&gt;d__14" filename="C:\Users\misho\Desktop\Project\offers.itacademy.ge\offers.Application.Tests\AccountServiceTests.cs">
          <methods>
            <method line-rate="1" branch-rate="1" complexity="1" name="MoveNext" signature="()">
              <lines>
                <line number="282" hits="1" branch="False" />
                <line number="283" hits="1" branch="False" />
                <line number="284" hits="1" branch="False" />
                <line number="285" hits="1" branch="False" />
                <line number="287" hits="1" branch="False" />
                <line number="289" hits="1" branch="False" />
                <line number="290" hits="1" branch="False" />
                <line number="291" hits="1" branch="False" />
              </lines>
            </method>
          </methods>
          <lines>
            <line number="282" hits="1" branch="False" />
            <line number="283" hits="1" branch="False" />
            <line number="284" hits="1" branch="False" />
            <line number="285" hits="1" branch="False" />
            <line number="287" hits="1" branch="False" />
            <line number="289" hits="1" branch="False" />
            <line number="290" hits="1" branch="False" />
            <line number="291" hits="1" branch="False" />
          </lines>
        </class>
        <class line-rate="1" branch-rate="0.5" complexity="2" name="offers.Application.Tests.AccountServiceTests.&lt;ConfirmCompanyAccount_WhenIdIsCompany_ShouldConfirmAccount&gt;d__17" filename="C:\Users\misho\Desktop\Project\offers.itacademy.ge\offers.Application.Tests\AccountServiceTests.cs">
          <methods>
            <method line-rate="1" branch-rate="0.5" complexity="2" name="MoveNext" signature="()">
              <lines>
                <line number="350" hits="1" branch="False" />
                <line number="351" hits="1" branch="False" />
                <line number="352" hits="1" branch="False" />
                <line number="353" hits="1" branch="False" />
                <line number="354" hits="1" branch="False" />
                <line number="355" hits="1" branch="False" />
                <line number="356" hits="1" branch="False" />
                <line number="357" hits="1" branch="False" />
                <line number="358" hits="1" branch="False" />
                <line number="359" hits="1" branch="False" />
                <line number="360" hits="1" branch="False" />
                <line number="361" hits="1" branch="False" />
                <line number="362" hits="1" branch="False" />
                <line number="363" hits="1" branch="False" />
                <line number="364" hits="1" branch="False" />
                <line number="365" hits="1" branch="False" />
                <line number="366" hits="1" branch="False" />
                <line number="368" hits="1" branch="False" />
                <line number="370" hits="1" branch="False" />
                <line number="371" hits="1" branch="False" />
                <line number="372" hits="1" branch="False" />
                <line number="373" hits="1" branch="True" condition-coverage="50% (1/2)">
                  <conditions>
                    <condition number="0" type="jump" coverage="50%" />
                  </conditions>
                </line>
                <line number="374" hits="1" branch="False" />
                <line number="375" hits="1" branch="False" />
              </lines>
            </method>
          </methods>
          <lines>
            <line number="350" hits="1" branch="False" />
            <line number="351" hits="1" branch="False" />
            <line number="352" hits="1" branch="False" />
            <line number="353" hits="1" branch="False" />
            <line number="354" hits="1" branch="False" />
            <line number="355" hits="1" branch="False" />
            <line number="356" hits="1" branch="False" />
            <line number="357" hits="1" branch="False" />
            <line number="358" hits="1" branch="False" />
            <line number="359" hits="1" branch="False" />
            <line number="360" hits="1" branch="False" />
            <line number="361" hits="1" branch="False" />
            <line number="362" hits="1" branch="False" />
            <line number="363" hits="1" branch="False" />
            <line number="364" hits="1" branch="False" />
            <line number="365" hits="1" branch="False" />
            <line number="366" hits="1" branch="False" />
            <line number="368" hits="1" branch="False" />
            <line number="370" hits="1" branch="False" />
            <line number="371" hits="1" branch="False" />
            <line number="372" hits="1" branch="False" />
            <line number="373" hits="1" branch="True" condition-coverage="50% (1/2)">
              <conditions>
                <condition number="0" type="jump" coverage="50%" />
              </conditions>
            </line>
            <line number="374" hits="1" branch="False" />
            <line number="375" hits="1" branch="False" />
          </lines>
        </class>
        <class line-rate="1" branch-rate="1" complexity="1" name="offers.Application.Tests.AccountServiceTests.&lt;ConfirmCompanyAccount_WhenIdIsNotCompany_ShouldThrowAccountNotFoundException&gt;d__15" filename="C:\Users\misho\Desktop\Project\offers.itacademy.ge\offers.Application.Tests\AccountServiceTests.cs">
          <methods>
            <method line-rate="1" branch-rate="1" complexity="1" name="MoveNext" signature="()">
              <lines>
                <line number="295" hits="1" branch="False" />
                <line number="296" hits="1" branch="False" />
                <line number="297" hits="1" branch="False" />
                <line number="298" hits="1" branch="False" />
                <line number="299" hits="1" branch="False" />
                <line number="300" hits="1" branch="False" />
                <line number="301" hits="1" branch="False" />
                <line number="302" hits="1" branch="False" />
                <line number="303" hits="1" branch="False" />
                <line number="304" hits="1" branch="False" />
                <line number="305" hits="1" branch="False" />
                <line number="306" hits="1" branch="False" />
                <line number="307" hits="1" branch="False" />
                <line number="308" hits="1" branch="False" />
                <line number="309" hits="1" branch="False" />
                <line number="310" hits="1" branch="False" />
                <line number="311" hits="1" branch="False" />
                <line number="313" hits="1" branch="False" />
                <line number="315" hits="1" branch="False" />
                <line number="316" hits="1" branch="False" />
                <line number="317" hits="1" branch="False" />
              </lines>
            </method>
          </methods>
          <lines>
            <line number="295" hits="1" branch="False" />
            <line number="296" hits="1" branch="False" />
            <line number="297" hits="1" branch="False" />
            <line number="298" hits="1" branch="False" />
            <line number="299" hits="1" branch="False" />
            <line number="300" hits="1" branch="False" />
            <line number="301" hits="1" branch="False" />
            <line number="302" hits="1" branch="False" />
            <line number="303" hits="1" branch="False" />
            <line number="304" hits="1" branch="False" />
            <line number="305" hits="1" branch="False" />
            <line number="306" hits="1" branch="False" />
            <line number="307" hits="1" branch="False" />
            <line number="308" hits="1" branch="False" />
            <line number="309" hits="1" branch="False" />
            <line number="310" hits="1" branch="False" />
            <line number="311" hits="1" branch="False" />
            <line number="313" hits="1" branch="False" />
            <line number="315" hits="1" branch="False" />
            <line number="316" hits="1" branch="False" />
            <line number="317" hits="1" branch="False" />
          </lines>
        </class>
        <class line-rate="1" branch-rate="1" complexity="1" name="offers.Application.Tests.AccountServiceTests.&lt;DepositAccount_WhenAccountIdDoesNotExist_ShouldThrowUserNotFoundException&gt;d__19" filename="C:\Users\misho\Desktop\Project\offers.itacademy.ge\offers.Application.Tests\AccountServiceTests.cs">
          <methods>
            <method line-rate="1" branch-rate="1" complexity="1" name="MoveNext" signature="()">
              <lines>
                <line number="394" hits="1" branch="False" />
                <line number="395" hits="1" branch="False" />
                <line number="396" hits="1" branch="False" />
                <line number="397" hits="1" branch="False" />
                <line number="399" hits="1" branch="False" />
                <line number="401" hits="1" branch="False" />
                <line number="402" hits="1" branch="False" />
                <line number="404" hits="1" branch="False" />
              </lines>
            </method>
          </methods>
          <lines>
            <line number="394" hits="1" branch="False" />
            <line number="395" hits="1" branch="False" />
            <line number="396" hits="1" branch="False" />
            <line number="397" hits="1" branch="False" />
            <line number="399" hits="1" branch="False" />
            <line number="401" hits="1" branch="False" />
            <line number="402" hits="1" branch="False" />
            <line number="404" hits="1" branch="False" />
          </lines>
        </class>
        <class line-rate="0.96551724137931039" branch-rate="0.5" complexity="2" name="offers.Application.Tests.AccountServiceTests.&lt;DepositAccount_WhenAccountIdExistsAndIsUser_ShouldDeposit&gt;d__21" filename="C:\Users\misho\Desktop\Project\offers.itacademy.ge\offers.Application.Tests\AccountServiceTests.cs">
          <methods>
            <method line-rate="0.96551724137931039" branch-rate="0.5" complexity="2" name="MoveNext" signature="()">
              <lines>
                <line number="440" hits="1" branch="False" />
                <line number="441" hits="1" branch="False" />
                <line number="442" hits="1" branch="False" />
                <line number="443" hits="1" branch="False" />
                <line number="444" hits="1" branch="False" />
                <line number="445" hits="1" branch="False" />
                <line number="446" hits="1" branch="False" />
                <line number="447" hits="1" branch="False" />
                <line number="448" hits="1" branch="False" />
                <line number="449" hits="1" branch="False" />
                <line number="450" hits="1" branch="False" />
                <line number="451" hits="1" branch="False" />
                <line number="452" hits="1" branch="False" />
                <line number="453" hits="1" branch="False" />
                <line number="454" hits="1" branch="False" />
                <line number="455" hits="1" branch="False" />
                <line number="456" hits="1" branch="False" />
                <line number="457" hits="1" branch="False" />
                <line number="460" hits="1" branch="False" />
                <line number="461" hits="1" branch="False" />
                <line number="462" hits="0" branch="False" />
                <line number="463" hits="1" branch="False" />
                <line number="464" hits="1" branch="False" />
                <line number="466" hits="1" branch="False" />
                <line number="468" hits="1" branch="False" />
                <line number="469" hits="1" branch="False" />
                <line number="470" hits="1" branch="True" condition-coverage="50% (1/2)">
                  <conditions>
                    <condition number="0" type="jump" coverage="50%" />
                  </conditions>
                </line>
                <line number="471" hits="1" branch="False" />
                <line number="472" hits="1" branch="False" />
              </lines>
            </method>
          </methods>
          <lines>
            <line number="440" hits="1" branch="False" />
            <line number="441" hits="1" branch="False" />
            <line number="442" hits="1" branch="False" />
            <line number="443" hits="1" branch="False" />
            <line number="444" hits="1" branch="False" />
            <line number="445" hits="1" branch="False" />
            <line number="446" hits="1" branch="False" />
            <line number="447" hits="1" branch="False" />
            <line number="448" hits="1" branch="False" />
            <line number="449" hits="1" branch="False" />
            <line number="450" hits="1" branch="False" />
            <line number="451" hits="1" branch="False" />
            <line number="452" hits="1" branch="False" />
            <line number="453" hits="1" branch="False" />
            <line number="454" hits="1" branch="False" />
            <line number="455" hits="1" branch="False" />
            <line number="456" hits="1" branch="False" />
            <line number="457" hits="1" branch="False" />
            <line number="460" hits="1" branch="False" />
            <line number="461" hits="1" branch="False" />
            <line number="462" hits="0" branch="False" />
            <line number="463" hits="1" branch="False" />
            <line number="464" hits="1" branch="False" />
            <line number="466" hits="1" branch="False" />
            <line number="468" hits="1" branch="False" />
            <line number="469" hits="1" branch="False" />
            <line number="470" hits="1" branch="True" condition-coverage="50% (1/2)">
              <conditions>
                <condition number="0" type="jump" coverage="50%" />
              </conditions>
            </line>
            <line number="471" hits="1" branch="False" />
            <line number="472" hits="1" branch="False" />
          </lines>
        </class>
        <class line-rate="1" branch-rate="1" complexity="1" name="offers.Application.Tests.AccountServiceTests.&lt;DepositAccount_WhenAccountIdIsNotUser_ShouldThrowUserNotFoundException&gt;d__20" filename="C:\Users\misho\Desktop\Project\offers.itacademy.ge\offers.Application.Tests\AccountServiceTests.cs">
          <methods>
            <method line-rate="1" branch-rate="1" complexity="1" name="MoveNext" signature="()">
              <lines>
                <line number="411" hits="1" branch="False" />
                <line number="412" hits="1" branch="False" />
                <line number="413" hits="1" branch="False" />
                <line number="414" hits="1" branch="False" />
                <line number="415" hits="1" branch="False" />
                <line number="416" hits="1" branch="False" />
                <line number="417" hits="1" branch="False" />
                <line number="418" hits="1" branch="False" />
                <line number="419" hits="1" branch="False" />
                <line number="420" hits="1" branch="False" />
                <line number="421" hits="1" branch="False" />
                <line number="422" hits="1" branch="False" />
                <line number="423" hits="1" branch="False" />
                <line number="424" hits="1" branch="False" />
                <line number="425" hits="1" branch="False" />
                <line number="426" hits="1" branch="False" />
                <line number="428" hits="1" branch="False" />
                <line number="430" hits="1" branch="False" />
                <line number="431" hits="1" branch="False" />
                <line number="432" hits="1" branch="False" />
              </lines>
            </method>
          </methods>
          <lines>
            <line number="411" hits="1" branch="False" />
            <line number="412" hits="1" branch="False" />
            <line number="413" hits="1" branch="False" />
            <line number="414" hits="1" branch="False" />
            <line number="415" hits="1" branch="False" />
            <line number="416" hits="1" branch="False" />
            <line number="417" hits="1" branch="False" />
            <line number="418" hits="1" branch="False" />
            <line number="419" hits="1" branch="False" />
            <line number="420" hits="1" branch="False" />
            <line number="421" hits="1" branch="False" />
            <line number="422" hits="1" branch="False" />
            <line number="423" hits="1" branch="False" />
            <line number="424" hits="1" branch="False" />
            <line number="425" hits="1" branch="False" />
            <line number="426" hits="1" branch="False" />
            <line number="428" hits="1" branch="False" />
            <line number="430" hits="1" branch="False" />
            <line number="431" hits="1" branch="False" />
            <line number="432" hits="1" branch="False" />
          </lines>
        </class>
        <class line-rate="1" branch-rate="1" complexity="1" name="offers.Application.Tests.AccountServiceTests.&lt;DepositAccount_WhenAmountIsLessThanZero_ShouldThrowInvalidOperationException&gt;d__18" filename="C:\Users\misho\Desktop\Project\offers.itacademy.ge\offers.Application.Tests\AccountServiceTests.cs">
          <methods>
            <method line-rate="1" branch-rate="1" complexity="1" name="MoveNext" signature="()">
              <lines>
                <line number="382" hits="1" branch="False" />
                <line number="383" hits="1" branch="False" />
                <line number="385" hits="1" branch="False" />
                <line number="386" hits="1" branch="False" />
                <line number="387" hits="1" branch="False" />
              </lines>
            </method>
          </methods>
          <lines>
            <line number="382" hits="1" branch="False" />
            <line number="383" hits="1" branch="False" />
            <line number="385" hits="1" branch="False" />
            <line number="386" hits="1" branch="False" />
            <line number="387" hits="1" branch="False" />
          </lines>
        </class>
        <class line-rate="1" branch-rate="1" complexity="1" name="offers.Application.Tests.AccountServiceTests.&lt;GetCompanyAccount_WhenIdDoesNotExist_ShouldThrowCompanyNotFoundException&gt;d__30" filename="C:\Users\misho\Desktop\Project\offers.itacademy.ge\offers.Application.Tests\AccountServiceTests.cs">
          <methods>
            <method line-rate="1" branch-rate="1" complexity="1" name="MoveNext" signature="()">
              <lines>
                <line number="672" hits="1" branch="False" />
                <line number="673" hits="1" branch="False" />
                <line number="674" hits="1" branch="False" />
                <line number="675" hits="1" branch="False" />
                <line number="677" hits="1" branch="False" />
                <line number="679" hits="1" branch="False" />
                <line number="680" hits="1" branch="False" />
                <line number="681" hits="1" branch="False" />
              </lines>
            </method>
          </methods>
          <lines>
            <line number="672" hits="1" branch="False" />
            <line number="673" hits="1" branch="False" />
            <line number="674" hits="1" branch="False" />
            <line number="675" hits="1" branch="False" />
            <line number="677" hits="1" branch="False" />
            <line number="679" hits="1" branch="False" />
            <line number="680" hits="1" branch="False" />
            <line number="681" hits="1" branch="False" />
          </lines>
        </class>
        <class line-rate="1" branch-rate="1" complexity="1" name="offers.Application.Tests.AccountServiceTests.&lt;GetCompanyAccount_WhenIdExistsAndIsCompany_ShouldReturnCompany&gt;d__32" filename="C:\Users\misho\Desktop\Project\offers.itacademy.ge\offers.Application.Tests\AccountServiceTests.cs">
          <methods>
            <method line-rate="1" branch-rate="1" complexity="1" name="MoveNext" signature="()">
              <lines>
                <line number="704" hits="1" branch="False" />
                <line number="705" hits="1" branch="False" />
                <line number="706" hits="1" branch="False" />
                <line number="707" hits="1" branch="False" />
                <line number="708" hits="1" branch="False" />
                <line number="709" hits="1" branch="False" />
                <line number="710" hits="1" branch="False" />
                <line number="711" hits="1" branch="False" />
                <line number="712" hits="1" branch="False" />
                <line number="713" hits="1" branch="False" />
                <line number="714" hits="1" branch="False" />
                <line number="715" hits="1" branch="False" />
                <line number="716" hits="1" branch="False" />
                <line number="717" hits="1" branch="False" />
                <line number="718" hits="1" branch="False" />
                <line number="719" hits="1" branch="False" />
                <line number="721" hits="1" branch="False" />
                <line number="723" hits="1" branch="False" />
                <line number="724" hits="1" branch="False" />
                <line number="725" hits="1" branch="False" />
                <line number="726" hits="1" branch="False" />
                <line number="727" hits="1" branch="False" />
                <line number="728" hits="1" branch="False" />
              </lines>
            </method>
          </methods>
          <lines>
            <line number="704" hits="1" branch="False" />
            <line number="705" hits="1" branch="False" />
            <line number="706" hits="1" branch="False" />
            <line number="707" hits="1" branch="False" />
            <line number="708" hits="1" branch="False" />
            <line number="709" hits="1" branch="False" />
            <line number="710" hits="1" branch="False" />
            <line number="711" hits="1" branch="False" />
            <line number="712" hits="1" branch="False" />
            <line number="713" hits="1" branch="False" />
            <line number="714" hits="1" branch="False" />
            <line number="715" hits="1" branch="False" />
            <line number="716" hits="1" branch="False" />
            <line number="717" hits="1" branch="False" />
            <line number="718" hits="1" branch="False" />
            <line number="719" hits="1" branch="False" />
            <line number="721" hits="1" branch="False" />
            <line number="723" hits="1" branch="False" />
            <line number="724" hits="1" branch="False" />
            <line number="725" hits="1" branch="False" />
            <line number="726" hits="1" branch="False" />
            <line number="727" hits="1" branch="False" />
            <line number="728" hits="1" branch="False" />
          </lines>
        </class>
        <class line-rate="1" branch-rate="1" complexity="1" name="offers.Application.Tests.AccountServiceTests.&lt;GetCompanyAccount_WhenIdIsNotCompany_ShouldThrowCompanyNotFoundException&gt;d__31" filename="C:\Users\misho\Desktop\Project\offers.itacademy.ge\offers.Application.Tests\AccountServiceTests.cs">
          <methods>
            <method line-rate="1" branch-rate="1" complexity="1" name="MoveNext" signature="()">
              <lines>
                <line number="688" hits="1" branch="False" />
                <line number="689" hits="1" branch="False" />
                <line number="690" hits="1" branch="False" />
                <line number="691" hits="1" branch="False" />
                <line number="693" hits="1" branch="False" />
                <line number="695" hits="1" branch="False" />
                <line number="696" hits="1" branch="False" />
                <line number="697" hits="1" branch="False" />
              </lines>
            </method>
          </methods>
          <lines>
            <line number="688" hits="1" branch="False" />
            <line number="689" hits="1" branch="False" />
            <line number="690" hits="1" branch="False" />
            <line number="691" hits="1" branch="False" />
            <line number="693" hits="1" branch="False" />
            <line number="695" hits="1" branch="False" />
            <line number="696" hits="1" branch="False" />
            <line number="697" hits="1" branch="False" />
          </lines>
        </class>
        <class line-rate="1" branch-rate="1" complexity="1" name="offers.Application.Tests.AccountServiceTests.&lt;GetUserAccount_WhenIdDoesNotExist_ShouldThrowUserNotFoundException&gt;d__27" filename="C:\Users\misho\Desktop\Project\offers.itacademy.ge\offers.Application.Tests\AccountServiceTests.cs">
          <methods>
            <method line-rate="1" branch-rate="1" complexity="1" name="MoveNext" signature="()">
              <lines>
                <line number="607" hits="1" branch="False" />
                <line number="608" hits="1" branch="False" />
                <line number="609" hits="1" branch="False" />
                <line number="610" hits="1" branch="False" />
                <line number="612" hits="1" branch="False" />
                <line number="614" hits="1" branch="False" />
                <line number="615" hits="1" branch="False" />
                <line number="616" hits="1" branch="False" />
              </lines>
            </method>
          </methods>
          <lines>
            <line number="607" hits="1" branch="False" />
            <line number="608" hits="1" branch="False" />
            <line number="609" hits="1" branch="False" />
            <line number="610" hits="1" branch="False" />
            <line number="612" hits="1" branch="False" />
            <line number="614" hits="1" branch="False" />
            <line number="615" hits="1" branch="False" />
            <line number="616" hits="1" branch="False" />
          </lines>
        </class>
        <class line-rate="1" branch-rate="1" complexity="1" name="offers.Application.Tests.AccountServiceTests.&lt;GetUserAccount_WhenIdExistsAndIsUser_ShouldReturnUser&gt;d__29" filename="C:\Users\misho\Desktop\Project\offers.itacademy.ge\offers.Application.Tests\AccountServiceTests.cs">
          <methods>
            <method line-rate="1" branch-rate="1" complexity="1" name="MoveNext" signature="()">
              <lines>
                <line number="639" hits="1" branch="False" />
                <line number="640" hits="1" branch="False" />
                <line number="641" hits="1" branch="False" />
                <line number="642" hits="1" branch="False" />
                <line number="643" hits="1" branch="False" />
                <line number="644" hits="1" branch="False" />
                <line number="645" hits="1" branch="False" />
                <line number="646" hits="1" branch="False" />
                <line number="647" hits="1" branch="False" />
                <line number="648" hits="1" branch="False" />
                <line number="649" hits="1" branch="False" />
                <line number="650" hits="1" branch="False" />
                <line number="651" hits="1" branch="False" />
                <line number="652" hits="1" branch="False" />
                <line number="653" hits="1" branch="False" />
                <line number="654" hits="1" branch="False" />
                <line number="655" hits="1" branch="False" />
                <line number="656" hits="1" branch="False" />
                <line number="658" hits="1" branch="False" />
                <line number="660" hits="1" branch="False" />
                <line number="661" hits="1" branch="False" />
                <line number="662" hits="1" branch="False" />
                <line number="663" hits="1" branch="False" />
                <line number="664" hits="1" branch="False" />
                <line number="665" hits="1" branch="False" />
              </lines>
            </method>
          </methods>
          <lines>
            <line number="639" hits="1" branch="False" />
            <line number="640" hits="1" branch="False" />
            <line number="641" hits="1" branch="False" />
            <line number="642" hits="1" branch="False" />
            <line number="643" hits="1" branch="False" />
            <line number="644" hits="1" branch="False" />
            <line number="645" hits="1" branch="False" />
            <line number="646" hits="1" branch="False" />
            <line number="647" hits="1" branch="False" />
            <line number="648" hits="1" branch="False" />
            <line number="649" hits="1" branch="False" />
            <line number="650" hits="1" branch="False" />
            <line number="651" hits="1" branch="False" />
            <line number="652" hits="1" branch="False" />
            <line number="653" hits="1" branch="False" />
            <line number="654" hits="1" branch="False" />
            <line number="655" hits="1" branch="False" />
            <line number="656" hits="1" branch="False" />
            <line number="658" hits="1" branch="False" />
            <line number="660" hits="1" branch="False" />
            <line number="661" hits="1" branch="False" />
            <line number="662" hits="1" branch="False" />
            <line number="663" hits="1" branch="False" />
            <line number="664" hits="1" branch="False" />
            <line number="665" hits="1" branch="False" />
          </lines>
        </class>
        <class line-rate="1" branch-rate="1" complexity="1" name="offers.Application.Tests.AccountServiceTests.&lt;GetUserAccount_WhenIdIsNotUser_ShouldThrowUserNotFoundException&gt;d__28" filename="C:\Users\misho\Desktop\Project\offers.itacademy.ge\offers.Application.Tests\AccountServiceTests.cs">
          <methods>
            <method line-rate="1" branch-rate="1" complexity="1" name="MoveNext" signature="()">
              <lines>
                <line number="623" hits="1" branch="False" />
                <line number="624" hits="1" branch="False" />
                <line number="625" hits="1" branch="False" />
                <line number="626" hits="1" branch="False" />
                <line number="628" hits="1" branch="False" />
                <line number="630" hits="1" branch="False" />
                <line number="631" hits="1" branch="False" />
                <line number="632" hits="1" branch="False" />
              </lines>
            </method>
          </methods>
          <lines>
            <line number="623" hits="1" branch="False" />
            <line number="624" hits="1" branch="False" />
            <line number="625" hits="1" branch="False" />
            <line number="626" hits="1" branch="False" />
            <line number="628" hits="1" branch="False" />
            <line number="630" hits="1" branch="False" />
            <line number="631" hits="1" branch="False" />
            <line number="632" hits="1" branch="False" />
          </lines>
        </class>
        <class line-rate="1" branch-rate="1" complexity="1" name="offers.Application.Tests.AccountServiceTests.&lt;LoginAccount_WhenEmailDoesNotExist_ShouldThrowAccountNotFoundException&gt;d__8" filename="C:\Users\misho\Desktop\Project\offers.itacademy.ge\offers.Application.Tests\AccountServiceTests.cs">
          <methods>
            <method line-rate="1" branch-rate="1" complexity="1" name="MoveNext" signature="()">
              <lines>
                <line number="127" hits="1" branch="False" />
                <line number="128" hits="1" branch="False" />
                <line number="129" hits="1" branch="False" />
                <line number="130" hits="1" branch="False" />
                <line number="132" hits="1" branch="False" />
                <line number="134" hits="1" branch="False" />
                <line number="135" hits="1" branch="False" />
                <line number="136" hits="1" branch="False" />
              </lines>
            </method>
          </methods>
          <lines>
            <line number="127" hits="1" branch="False" />
            <line number="128" hits="1" branch="False" />
            <line number="129" hits="1" branch="False" />
            <line number="130" hits="1" branch="False" />
            <line number="132" hits="1" branch="False" />
            <line number="134" hits="1" branch="False" />
            <line number="135" hits="1" branch="False" />
            <line number="136" hits="1" branch="False" />
          </lines>
        </class>
        <class line-rate="1" branch-rate="1" complexity="1" name="offers.Application.Tests.AccountServiceTests.&lt;LoginAccount_WhenEmailExists_ShouldReturnAccount&gt;d__6" filename="C:\Users\misho\Desktop\Project\offers.itacademy.ge\offers.Application.Tests\AccountServiceTests.cs">
          <methods>
            <method line-rate="1" branch-rate="1" complexity="1" name="MoveNext" signature="()">
              <lines>
                <line number="64" hits="1" branch="False" />
                <line number="65" hits="1" branch="False" />
                <line number="66" hits="1" branch="False" />
                <line number="67" hits="1" branch="False" />
                <line number="68" hits="1" branch="False" />
                <line number="69" hits="1" branch="False" />
                <line number="70" hits="1" branch="False" />
                <line number="71" hits="1" branch="False" />
                <line number="72" hits="1" branch="False" />
                <line number="73" hits="1" branch="False" />
                <line number="74" hits="1" branch="False" />
                <line number="75" hits="1" branch="False" />
                <line number="76" hits="1" branch="False" />
                <line number="77" hits="1" branch="False" />
                <line number="78" hits="1" branch="False" />
                <line number="79" hits="1" branch="False" />
                <line number="80" hits="1" branch="False" />
                <line number="81" hits="1" branch="False" />
                <line number="83" hits="1" branch="False" />
                <line number="84" hits="1" branch="False" />
                <line number="86" hits="1" branch="False" />
                <line number="88" hits="1" branch="False" />
                <line number="89" hits="1" branch="False" />
                <line number="90" hits="1" branch="False" />
                <line number="91" hits="1" branch="False" />
                <line number="92" hits="1" branch="False" />
                <line number="93" hits="1" branch="False" />
              </lines>
            </method>
          </methods>
          <lines>
            <line number="64" hits="1" branch="False" />
            <line number="65" hits="1" branch="False" />
            <line number="66" hits="1" branch="False" />
            <line number="67" hits="1" branch="False" />
            <line number="68" hits="1" branch="False" />
            <line number="69" hits="1" branch="False" />
            <line number="70" hits="1" branch="False" />
            <line number="71" hits="1" branch="False" />
            <line number="72" hits="1" branch="False" />
            <line number="73" hits="1" branch="False" />
            <line number="74" hits="1" branch="False" />
            <line number="75" hits="1" branch="False" />
            <line number="76" hits="1" branch="False" />
            <line number="77" hits="1" branch="False" />
            <line number="78" hits="1" branch="False" />
            <line number="79" hits="1" branch="False" />
            <line number="80" hits="1" branch="False" />
            <line number="81" hits="1" branch="False" />
            <line number="83" hits="1" branch="False" />
            <line number="84" hits="1" branch="False" />
            <line number="86" hits="1" branch="False" />
            <line number="88" hits="1" branch="False" />
            <line number="89" hits="1" branch="False" />
            <line number="90" hits="1" branch="False" />
            <line number="91" hits="1" branch="False" />
            <line number="92" hits="1" branch="False" />
            <line number="93" hits="1" branch="False" />
          </lines>
        </class>
        <class line-rate="1" branch-rate="1" complexity="1" name="offers.Application.Tests.AccountServiceTests.&lt;LoginAccount_WhenPasswordIncorrect_ShouldThrowAccountNotFoundException&gt;d__7" filename="C:\Users\misho\Desktop\Project\offers.itacademy.ge\offers.Application.Tests\AccountServiceTests.cs">
          <methods>
            <method line-rate="1" branch-rate="1" complexity="1" name="MoveNext" signature="()">
              <lines>
                <line number="99" hits="1" branch="False" />
                <line number="100" hits="1" branch="False" />
                <line number="101" hits="1" branch="False" />
                <line number="102" hits="1" branch="False" />
                <line number="103" hits="1" branch="False" />
                <line number="104" hits="1" branch="False" />
                <line number="105" hits="1" branch="False" />
                <line number="106" hits="1" branch="False" />
                <line number="107" hits="1" branch="False" />
                <line number="108" hits="1" branch="False" />
                <line number="109" hits="1" branch="False" />
                <line number="110" hits="1" branch="False" />
                <line number="111" hits="1" branch="False" />
                <line number="112" hits="1" branch="False" />
                <line number="113" hits="1" branch="False" />
                <line number="114" hits="1" branch="False" />
                <line number="115" hits="1" branch="False" />
                <line number="116" hits="1" branch="False" />
                <line number="118" hits="1" branch="False" />
                <line number="120" hits="1" branch="False" />
                <line number="121" hits="1" branch="False" />
                <line number="122" hits="1" branch="False" />
              </lines>
            </method>
          </methods>
          <lines>
            <line number="99" hits="1" branch="False" />
            <line number="100" hits="1" branch="False" />
            <line number="101" hits="1" branch="False" />
            <line number="102" hits="1" branch="False" />
            <line number="103" hits="1" branch="False" />
            <line number="104" hits="1" branch="False" />
            <line number="105" hits="1" branch="False" />
            <line number="106" hits="1" branch="False" />
            <line number="107" hits="1" branch="False" />
            <line number="108" hits="1" branch="False" />
            <line number="109" hits="1" branch="False" />
            <line number="110" hits="1" branch="False" />
            <line number="111" hits="1" branch="False" />
            <line number="112" hits="1" branch="False" />
            <line number="113" hits="1" branch="False" />
            <line number="114" hits="1" branch="False" />
            <line number="115" hits="1" branch="False" />
            <line number="116" hits="1" branch="False" />
            <line number="118" hits="1" branch="False" />
            <line number="120" hits="1" branch="False" />
            <line number="121" hits="1" branch="False" />
            <line number="122" hits="1" branch="False" />
          </lines>
        </class>
        <class line-rate="1" branch-rate="1" complexity="1" name="offers.Application.Tests.AccountServiceTests.&lt;LoginMVCAccount_WhenEmailDoesNotExist_ShouldThrowAccountNotFoundException&gt;d__11" filename="C:\Users\misho\Desktop\Project\offers.itacademy.ge\offers.Application.Tests\AccountServiceTests.cs">
          <methods>
            <method line-rate="1" branch-rate="1" complexity="1" name="MoveNext" signature="()">
              <lines>
                <line number="205" hits="1" branch="False" />
                <line number="206" hits="1" branch="False" />
                <line number="207" hits="1" branch="False" />
                <line number="208" hits="1" branch="False" />
                <line number="210" hits="1" branch="False" />
                <line number="212" hits="1" branch="False" />
                <line number="213" hits="1" branch="False" />
                <line number="214" hits="1" branch="False" />
              </lines>
            </method>
[...]
            <method line-rate="1" branch-rate="1" complexity="1" name="get_Description" signature="()">
              <lines>
                <line number="14" hits="1" branch="False" />
              </lines>
            </method>
            <method line-rate="1" branch-rate="1" complexity="1" name="set_Description" signature="(string)">
              <lines>
                <line number="14" hits="1" branch="False" />
              </lines>
            </method>
            <method line-rate="0" branch-rate="1" complexity="1" name="get_Offers" signature="()">
              <lines>
                <line number="15" hits="0" branch="False" />
              </lines>
            </method>
            <method line-rate="0" branch-rate="1" complexity="1" name="set_Offers" signature="(System.Collections.Generic.List&lt;offers.Domain.Models.Offer&gt;)">
              <lines>
                <line number="15" hits="0" branch="False" />
              </lines>
            </method>
          </methods>
          <lines>
            <line number="12" hits="1" branch="False" />
            <line number="13" hits="1" branch="False" />
            <line number="14" hits="1" branch="False" />
            <line number="15" hits="0" branch="False" />
          </lines>
        </class>
        <class line-rate="0.3" branch-rate="1" complexity="10" name="offers.Domain.Models.CompanyDetail" filename="C:\Users\misho\Desktop\Project\offers.itacademy.ge\offers.Domain\Models\CompanyDetail.cs">
          <methods>
            <method line-rate="0" branch-rate="1" complexity="1" name="get_AccountId" signature="()">
              <lines>
                <line number="11" hits="0" branch="False" />
              </lines>
            </method>
            <method line-rate="0" branch-rate="1" complexity="1" name="set_AccountId" signature="(int)">
              <lines>
                <line number="11" hits="0" branch="False" />
              </lines>
            </method>
            <method line-rate="0" branch-rate="1" complexity="1" name="get_CompanyName" signature="()">
              <lines>
                <line number="12" hits="0" branch="False" />
              </lines>
            </method>
            <method line-rate="1" branch-rate="1" complexity="1" name="set_CompanyName" signature="(string)">
              <lines>
                <line number="12" hits="1" branch="False" />
              </lines>
            </method>
            <method line-rate="1" branch-rate="1" complexity="1" name="get_IsActive" signature="()">
              <lines>
                <line number="13" hits="1" branch="False" />
              </lines>
            </method>
            <method line-rate="1" branch-rate="1" complexity="1" name="set_IsActive" signature="(bool)">
              <lines>
                <line number="13" hits="1" branch="False" />
              </lines>
            </method>
            <method line-rate="0" branch-rate="1" complexity="1" name="get_PhotoURL" signature="()">
              <lines>
                <line number="14" hits="0" branch="False" />
              </lines>
            </method>
            <method line-rate="0" branch-rate="1" complexity="1" name="set_PhotoURL" signature="(string)">
              <lines>
                <line number="14" hits="0" branch="False" />
              </lines>
            </method>
            <method line-rate="0" branch-rate="1" complexity="1" name="get_Account" signature="()">
              <lines>
                <line number="15" hits="0" branch="False" />
              </lines>
            </method>
            <method line-rate="0" branch-rate="1" complexity="1" name="set_Account" signature="(offers.Domain.Models.Account)">
              <lines>
                <line number="15" hits="0" branch="False" />
              </lines>
            </method>
          </methods>
          <lines>
            <line number="11" hits="0" branch="False" />
            <line number="12" hits="1" branch="False" />
            <line number="13" hits="1" branch="False" />
            <line number="14" hits="0" branch="False" />
            <line number="15" hits="0" branch="False" />
          </lines>
        </class>
        <class line-rate="0.8214285714285714" branch-rate="1" complexity="28" name="offers.Domain.Models.Offer" filename="C:\Users\misho\Desktop\Project\offers.itacademy.ge\offers.Domain\Models\Offer.cs">
          <methods>
            <method line-rate="1" branch-rate="1" complexity="1" name="get_Id" signature="()">
              <lines>
                <line number="11" hits="1" branch="False" />
              </lines>
            </method>
            <method line-rate="1" branch-rate="1" complexity="1" name="set_Id" signature="(int)">
              <lines>
                <line number="11" hits="1" branch="False" />
              </lines>
            </method>
            <method line-rate="1" branch-rate="1" complexity="1" name="get_Name" signature="()">
              <lines>
                <line number="12" hits="1" branch="False" />
              </lines>
            </method>
            <method line-rate="1" branch-rate="1" complexity="1" name="set_Name" signature="(string)">
              <lines>
                <line number="12" hits="1" branch="False" />
              </lines>
            </method>
            <method line-rate="1" branch-rate="1" complexity="1" name="get_Description" signature="()">
              <lines>
                <line number="13" hits="1" branch="False" />
              </lines>
            </method>
            <method line-rate="1" branch-rate="1" complexity="1" name="set_Description" signature="(string)">
              <lines>
                <line number="13" hits="1" branch="False" />
              </lines>
            </method>
            <method line-rate="1" branch-rate="1" complexity="1" name="get_Count" signature="()">
              <lines>
                <line number="14" hits="1" branch="False" />
              </lines>
            </method>
            <method line-rate="1" branch-rate="1" complexity="1" name="set_Count" signature="(int)">
              <lines>
                <line number="14" hits="1" branch="False" />
              </lines>
            </method>
            <method line-rate="1" branch-rate="1" complexity="1" name="get_Price" signature="()">
              <lines>
                <line number="15" hits="1" branch="False" />
              </lines>
            </method>
            <method line-rate="1" branch-rate="1" complexity="1" name="set_Price" signature="(decimal)">
              <lines>
                <line number="15" hits="1" branch="False" />
              </lines>
            </method>
            <method line-rate="1" branch-rate="1" complexity="1" name="get_PhotoURL" signature="()">
              <lines>
                <line number="16" hits="1" branch="False" />
              </lines>
            </method>
            <method line-rate="0" branch-rate="1" complexity="1" name="set_PhotoURL" signature="(string)">
              <lines>
                <line number="16" hits="0" branch="False" />
              </lines>
            </method>
            <method line-rate="1" branch-rate="1" complexity="1" name="get_CreatedAt" signature="()">
              <lines>
                <line number="17" hits="1" branch="False" />
              </lines>
            </method>
            <method line-rate="1" branch-rate="1" complexity="1" name="set_CreatedAt" signature="(System.DateTime)">
              <lines>
                <line number="17" hits="1" branch="False" />
              </lines>
            </method>
            <method line-rate="1" branch-rate="1" complexity="1" name="get_CategoryId" signature="()">
              <lines>
                <line number="18" hits="1" branch="False" />
              </lines>
            </method>
            <method line-rate="1" branch-rate="1" complexity="1" name="set_CategoryId" signature="(int)">
              <lines>
                <line number="18" hits="1" branch="False" />
              </lines>
            </method>
            <method line-rate="1" branch-rate="1" complexity="1" name="get_Category" signature="()">
              <lines>
                <line number="19" hits="1" branch="False" />
              </lines>
            </method>
            <method line-rate="1" branch-rate="1" complexity="1" name="set_Category" signature="(offers.Domain.Models.Category)">
              <lines>
                <line number="19" hits="1" branch="False" />
              </lines>
            </method>
            <method line-rate="1" branch-rate="1" complexity="1" name="get_AccountId" signature="()">
              <lines>
                <line number="20" hits="1" branch="False" />
              </lines>
            </method>
            <method line-rate="1" branch-rate="1" complexity="1" name="set_AccountId" signature="(int)">
              <lines>
                <line number="20" hits="1" branch="False" />
              </lines>
            </method>
            <method line-rate="0" branch-rate="1" complexity="1" name="get_Account" signature="()">
              <lines>
                <line number="21" hits="0" branch="False" />
              </lines>
            </method>
            <method line-rate="1" branch-rate="1" complexity="1" name="set_Account" signature="(offers.Domain.Models.Account)">
              <lines>
                <line number="21" hits="1" branch="False" />
              </lines>
            </method>
            <method line-rate="1" branch-rate="1" complexity="1" name="get_ArchiveAt" signature="()">
              <lines>
                <line number="22" hits="1" branch="False" />
              </lines>
            </method>
            <method line-rate="0" branch-rate="1" complexity="1" name="set_ArchiveAt" signature="(System.DateTime)">
              <lines>
                <line number="22" hits="0" branch="False" />
              </lines>
            </method>
            <method line-rate="1" branch-rate="1" complexity="1" name="get_IsArchived" signature="()">
              <lines>
                <line number="23" hits="1" branch="False" />
              </lines>
            </method>
            <method line-rate="1" branch-rate="1" complexity="1" name="set_IsArchived" signature="(bool)">
              <lines>
                <line number="23" hits="1" branch="False" />
              </lines>
            </method>
            <method line-rate="0" branch-rate="1" complexity="1" name="get_Transactions" signature="()">
              <lines>
                <line number="24" hits="0" branch="False" />
              </lines>
            </method>
            <method line-rate="0" branch-rate="1" complexity="1" name="set_Transactions" signature="(System.Collections.Generic.List&lt;offers.Domain.Models.Transaction&gt;)">
              <lines>
                <line number="24" hits="0" branch="False" />
              </lines>
            </method>
          </methods>
          <lines>
            <line number="11" hits="1" branch="False" />
            <line number="12" hits="1" branch="False" />
            <line number="13" hits="1" branch="False" />
            <line number="14" hits="1" branch="False" />
            <line number="15" hits="1" branch="False" />
            <line number="16" hits="1" branch="False" />
            <line number="17" hits="1" branch="False" />
            <line number="18" hits="1" branch="False" />
            <line number="19" hits="1" branch="False" />
            <line number="20" hits="1" branch="False" />
            <line number="21" hits="1" branch="False" />
            <line number="22" hits="1" branch="False" />
            <line number="23" hits="1" branch="False" />
            <line number="24" hits="0" branch="False" />
          </lines>
        </class>
        <class line-rate="0.9375" branch-rate="1" complexity="16" name="offers.Domain.Models.Transaction" filename="C:\Users\misho\Desktop\Project\offers.itacademy.ge\offers.Domain\Models\Transaction.cs">
          <methods>
            <method line-rate="1" branch-rate="1" complexity="1" name="get_Id" signature="()">
              <lines>
                <line number="11" hits="1" branch="False" />
              </lines>
            </method>
            <method line-rate="1" branch-rate="1" complexity="1" name="set_Id" signature="(int)">
              <lines>
                <line number="11" hits="1" branch="False" />
              </lines>
            </method>
            <method line-rate="1" branch-rate="1" complexity="1" name="get_Count" signature="()">
              <lines>
                <line number="12" hits="1" branch="False" />
              </lines>
            </method>
            <method line-rate="1" branch-rate="1" complexity="1" name="set_Count" signature="(int)">
              <lines>
                <line number="12" hits="1" branch="False" />
              </lines>
            </method>
            <method line-rate="1" branch-rate="1" complexity="1" name="get_Paid" signature="()">
              <lines>
                <line number="13" hits="1" branch="False" />
              </lines>
            </method>
            <method line-rate="1" branch-rate="1" complexity="1" name="set_Paid" signature="(decimal)">
              <lines>
                <line number="13" hits="1" branch="False" />
              </lines>
            </method>
            <method line-rate="1" branch-rate="1" complexity="1" name="get_CreatedAt" signature="()">
              <lines>
                <line number="14" hits="1" branch="False" />
              </lines>
            </method>
            <method line-rate="1" branch-rate="1" complexity="1" name="set_CreatedAt" signature="(System.DateTime)">
              <lines>
                <line number="14" hits="1" branch="False" />
              </lines>
            </method>
            <method line-rate="1" branch-rate="1" complexity="1" name="get_UserId" signature="()">
              <lines>
                <line number="15" hits="1" branch="False" />
              </lines>
            </method>
            <method line-rate="1" branch-rate="1" complexity="1" name="set_UserId" signature="(int)">
              <lines>
                <line number="15" hits="1" branch="False" />
              </lines>
            </method>
            <method line-rate="0" branch-rate="1" complexity="1" name="get_User" signature="()">
              <lines>
                <line number="16" hits="0" branch="False" />
              </lines>
            </method>
            <method line-rate="1" branch-rate="1" complexity="1" name="set_User" signature="(offers.Domain.Models.UserDetail)">
              <lines>
                <line number="16" hits="1" branch="False" />
              </lines>
            </method>
            <method line-rate="1" branch-rate="1" complexity="1" name="get_OfferId" signature="()">
              <lines>
                <line number="17" hits="1" branch="False" />
              </lines>
            </method>
            <method line-rate="1" branch-rate="1" complexity="1" name="set_OfferId" signature="(int)">
              <lines>
                <line number="17" hits="1" branch="False" />
              </lines>
            </method>
            <method line-rate="1" branch-rate="1" complexity="1" name="get_Offer" signature="()">
              <lines>
                <line number="18" hits="1" branch="False" />
              </lines>
            </method>
            <method line-rate="1" branch-rate="1" complexity="1" name="set_Offer" signature="(offers.Domain.Models.Offer)">
              <lines>
                <line number="18" hits="1" branch="False" />
              </lines>
            </method>
          </methods>
          <lines>
            <line number="11" hits="1" branch="False" />
            <line number="12" hits="1" branch="False" />
            <line number="13" hits="1" branch="False" />
            <line number="14" hits="1" branch="False" />
            <line number="15" hits="1" branch="False" />
            <line number="16" hits="1" branch="False" />
            <line number="17" hits="1" branch="False" />
            <line number="18" hits="1" branch="False" />
          </lines>
        </class>
        <class line-rate="0.33333333333333331" branch-rate="1" complexity="12" name="offers.Domain.Models.UserDetail" filename="C:\Users\misho\Desktop\Project\offers.itacademy.ge\offers.Domain\Models\UserDetail.cs">
          <methods>
            <method line-rate="0" branch-rate="1" complexity="1" name="get_AccountId" signature="()">
              <lines>
                <line number="11" hits="0" branch="False" />
              </lines>
            </method>
            <method line-rate="0" branch-rate="1" complexity="1" name="set_AccountId" signature="(int)">
              <lines>
                <line number="11" hits="0" branch="False" />
              </lines>
            </method>
            <method line-rate="0" branch-rate="1" complexity="1" name="get_FirstName" signature="()">
              <lines>
                <line number="12" hits="0" branch="False" />
              </lines>
            </method>
            <method line-rate="1" branch-rate="1" complexity="1" name="set_FirstName" signature="(string)">
              <lines>
                <line number="12" hits="1" branch="False" />
              </lines>
            </method>
            <method line-rate="0" branch-rate="1" complexity="1" name="get_LastName" signature="()">
              <lines>
                <line number="13" hits="0" branch="False" />
              </lines>
            </method>
            <method line-rate="1" branch-rate="1" complexity="1" name="set_LastName" signature="(string)">
              <lines>
                <line number="13" hits="1" branch="False" />
              </lines>
            </method>
            <method line-rate="1" branch-rate="1" complexity="1" name="get_Balance" signature="()">
              <lines>
                <line number="14" hits="1" branch="False" />
              </lines>
            </method>
            <method line-rate="1" branch-rate="1" complexity="1" name="set_Balance" signature="(decimal)">
              <lines>
                <line number="14" hits="1" branch="False" />
              </lines>
            </method>
            <method line-rate="0" branch-rate="1" complexity="1" name="get_Account" signature="()">
              <lines>
                <line number="15" hits="0" branch="False" />
              </lines>
            </method>
            <method line-rate="0" branch-rate="1" complexity="1" name="set_Account" signature="(offers.Domain.Models.Account)">
              <lines>
                <line number="15" hits="0" branch="False" />
              </lines>
            </method>
            <method line-rate="0" branch-rate="1" complexity="1" name="get_Transactions" signature="()">
              <lines>
                <line number="16" hits="0" branch="False" />
              </lines>
            </method>
            <method line-rate="0" branch-rate="1" complexity="1" name="set_Transactions" signature="(System.Collections.Generic.List&lt;offers.Domain.Models.Transaction&gt;)">
              <lines>
                <line number="16" hits="0" branch="False" />
              </lines>
            </method>
          </methods>
          <lines>
            <line number="11" hits="0" branch="False" />
            <line number="12" hits="1" branch="False" />
            <line number="13" hits="1" branch="False" />
            <line number="14" hits="1" branch="False" />
            <line number="15" hits="0" branch="False" />
            <line number="16" hits="0" branch="False" />
          </lines>
        </class>
      </classes>
    </package>
  </packages>
</coverage>